{"C:\\Users\\petri\\Documents\\GitHub\\properties\\src\\index.js": {"path":"C:\\Users\\petri\\Documents\\GitHub\\properties\\src\\index.js","statementMap":{"0":{"start":{"line":2,"column":12},"end":{"line":2,"column":77}},"1":{"start":{"line":5,"column":12},"end":{"line":5,"column":14}},"2":{"start":{"line":6,"column":12},"end":{"line":6,"column":14}},"3":{"start":{"line":7,"column":4},"end":{"line":9,"column":5}},"4":{"start":{"line":8,"column":8},"end":{"line":8,"column":42}},"5":{"start":{"line":11,"column":4},"end":{"line":13,"column":7}},"6":{"start":{"line":12,"column":8},"end":{"line":12,"column":54}},"7":{"start":{"line":15,"column":4},"end":{"line":15,"column":18}},"8":{"start":{"line":16,"column":4},"end":{"line":20,"column":7}},"9":{"start":{"line":17,"column":8},"end":{"line":19,"column":9}},"10":{"start":{"line":17,"column":28},"end":{"line":17,"column":48}},"11":{"start":{"line":18,"column":12},"end":{"line":18,"column":23}},"12":{"start":{"line":22,"column":4},"end":{"line":22,"column":13}},"13":{"start":{"line":26,"column":4},"end":{"line":33,"column":7}},"14":{"start":{"line":27,"column":20},"end":{"line":27,"column":39}},"15":{"start":{"line":27,"column":49},"end":{"line":27,"column":68}},"16":{"start":{"line":28,"column":8},"end":{"line":29,"column":21}},"17":{"start":{"line":29,"column":12},"end":{"line":29,"column":21}},"18":{"start":{"line":30,"column":8},"end":{"line":31,"column":20}},"19":{"start":{"line":31,"column":12},"end":{"line":31,"column":20}},"20":{"start":{"line":32,"column":8},"end":{"line":32,"column":16}},"21":{"start":{"line":34,"column":4},"end":{"line":34,"column":16}},"22":{"start":{"line":40,"column":11},"end":{"line":61,"column":1}},"23":{"start":{"line":64,"column":19},"end":{"line":64,"column":21}},"24":{"start":{"line":66,"column":4},"end":{"line":68,"column":5}},"25":{"start":{"line":67,"column":8},"end":{"line":67,"column":53}},"26":{"start":{"line":69,"column":4},"end":{"line":69,"column":19}}},"fnMap":{"0":{"name":"orderByProps","decl":{"start":{"line":4,"column":24},"end":{"line":4,"column":36}},"loc":{"start":{"line":4,"column":48},"end":{"line":23,"column":1}},"line":4},"1":{"name":"(anonymous_1)","decl":{"start":{"line":11,"column":17},"end":{"line":11,"column":18}},"loc":{"start":{"line":11,"column":28},"end":{"line":13,"column":5}},"line":11},"2":{"name":"(anonymous_2)","decl":{"start":{"line":16,"column":14},"end":{"line":16,"column":15}},"loc":{"start":{"line":16,"column":20},"end":{"line":20,"column":5}},"line":16},"3":{"name":"(anonymous_3)","decl":{"start":{"line":17,"column":19},"end":{"line":17,"column":20}},"loc":{"start":{"line":17,"column":28},"end":{"line":17,"column":48}},"line":17},"4":{"name":"sorter","decl":{"start":{"line":25,"column":16},"end":{"line":25,"column":22}},"loc":{"start":{"line":25,"column":29},"end":{"line":35,"column":1}},"line":25},"5":{"name":"(anonymous_5)","decl":{"start":{"line":26,"column":14},"end":{"line":26,"column":15}},"loc":{"start":{"line":26,"column":30},"end":{"line":33,"column":5}},"line":26},"6":{"name":"getHits","decl":{"start":{"line":63,"column":16},"end":{"line":63,"column":23}},"loc":{"start":{"line":63,"column":30},"end":{"line":70,"column":1}},"line":63}},"branchMap":{"0":{"loc":{"start":{"line":17,"column":8},"end":{"line":19,"column":9}},"type":"if","locations":[{"start":{"line":17,"column":8},"end":{"line":19,"column":9}},{"start":{"line":17,"column":8},"end":{"line":19,"column":9}}],"line":17},"1":{"loc":{"start":{"line":28,"column":8},"end":{"line":29,"column":21}},"type":"if","locations":[{"start":{"line":28,"column":8},"end":{"line":29,"column":21}},{"start":{"line":28,"column":8},"end":{"line":29,"column":21}}],"line":28},"2":{"loc":{"start":{"line":30,"column":8},"end":{"line":31,"column":20}},"type":"if","locations":[{"start":{"line":30,"column":8},"end":{"line":31,"column":20}},{"start":{"line":30,"column":8},"end":{"line":31,"column":20}}],"line":30},"3":{"loc":{"start":{"line":66,"column":31},"end":{"line":66,"column":66}},"type":"default-arg","locations":[{"start":{"line":66,"column":45},"end":{"line":66,"column":66}}],"line":66}},"s":{"0":1,"1":1,"2":1,"3":1,"4":5,"5":1,"6":2,"7":1,"8":1,"9":5,"10":12,"11":3,"12":1,"13":2,"14":16,"15":16,"16":16,"17":10,"18":6,"19":6,"20":0,"21":2,"22":1,"23":1,"24":1,"25":2,"26":1},"f":{"0":1,"1":2,"2":5,"3":12,"4":2,"5":16,"6":1},"b":{"0":[3,2],"1":[10,6],"2":[6,0],"3":[1]},"_coverageSchema":"1a1c01bbd47fc00a2c39e90264f33305004495a9","hash":"74073a85f1f6c1c303103e11a4f3313b3bbcd92d"}
}
