TN:
SF:src\index.js
FN:4,orderByProps
FN:11,(anonymous_1)
FN:16,(anonymous_2)
FN:17,(anonymous_3)
FN:25,sorter
FN:26,(anonymous_5)
FN:63,getHits
FNF:7
FNH:7
FNDA:1,orderByProps
FNDA:2,(anonymous_1)
FNDA:5,(anonymous_2)
FNDA:12,(anonymous_3)
FNDA:2,sorter
FNDA:16,(anonymous_5)
FNDA:1,getHits
DA:2,1
DA:5,1
DA:6,1
DA:7,1
DA:8,5
DA:11,1
DA:12,2
DA:15,1
DA:16,1
DA:17,12
DA:18,3
DA:22,1
DA:26,2
DA:27,16
DA:28,16
DA:29,10
DA:30,6
DA:31,6
DA:32,0
DA:34,2
DA:40,1
DA:64,1
DA:66,1
DA:67,2
DA:69,1
LF:25
LH:24
BRDA:17,0,0,3
BRDA:17,0,1,2
BRDA:28,1,0,10
BRDA:28,1,1,6
BRDA:30,2,0,6
BRDA:30,2,1,0
BRDA:66,3,0,1
BRF:7
BRH:6
end_of_record
